Traceback (most recent call last):
  File "/Users/ester/.conda/envs/InformationalBiasDetection/lib/python3.7/runpy.py", line 193, in _run_module_as_main
    "__main__", mod_spec)
  File "/Users/ester/.conda/envs/InformationalBiasDetection/lib/python3.7/runpy.py", line 85, in _run_code
    exec(code, run_globals)
  File "/Users/ester/.conda/envs/InformationalBiasDetection/lib/python3.7/site-packages/allennlp/run.py", line 21, in <module>
    run()
  File "/Users/ester/.conda/envs/InformationalBiasDetection/lib/python3.7/site-packages/allennlp/run.py", line 18, in run
    main(prog="allennlp")
  File "/Users/ester/.conda/envs/InformationalBiasDetection/lib/python3.7/site-packages/allennlp/commands/__init__.py", line 102, in main
    args.func(args)
  File "/Users/ester/.conda/envs/InformationalBiasDetection/lib/python3.7/site-packages/allennlp/commands/train.py", line 124, in train_model_from_args
    args.cache_prefix)
  File "/Users/ester/.conda/envs/InformationalBiasDetection/lib/python3.7/site-packages/allennlp/commands/train.py", line 168, in train_model_from_file
    cache_directory, cache_prefix)
  File "/Users/ester/.conda/envs/InformationalBiasDetection/lib/python3.7/site-packages/allennlp/commands/train.py", line 226, in train_model
    cache_prefix)
  File "/Users/ester/.conda/envs/InformationalBiasDetection/lib/python3.7/site-packages/allennlp/training/trainer_pieces.py", line 42, in from_params
    all_datasets = training_util.datasets_from_params(params, cache_directory, cache_prefix)
  File "/Users/ester/.conda/envs/InformationalBiasDetection/lib/python3.7/site-packages/allennlp/training/util.py", line 165, in datasets_from_params
    dataset_reader = DatasetReader.from_params(dataset_reader_params)
  File "/Users/ester/.conda/envs/InformationalBiasDetection/lib/python3.7/site-packages/allennlp/common/from_params.py", line 365, in from_params
    return subclass.from_params(params=params, **extras)
  File "/Users/ester/.conda/envs/InformationalBiasDetection/lib/python3.7/site-packages/allennlp/common/from_params.py", line 388, in from_params
    return cls(**kwargs)  # type: ignore
  File "/Users/ester/Projects/PhD/EntityFramingDetection/experiments/ssc/sequential_sentence_classification/dataset_reader.py", line 47, in __init__
    self._tokenizer = WordTokenizer(word_splitter=SpacyWordSplitter(pos_tags=False))
  File "/Users/ester/.conda/envs/InformationalBiasDetection/lib/python3.7/site-packages/allennlp/data/tokenizers/word_splitter.py", line 173, in __init__
    self.spacy = get_spacy_model(language, pos_tags, parse, ner)
  File "/Users/ester/.conda/envs/InformationalBiasDetection/lib/python3.7/site-packages/allennlp/common/util.py", line 289, in get_spacy_model
    spacy_model = spacy.load(spacy_model_name, disable=disable)
  File "/Users/ester/.conda/envs/InformationalBiasDetection/lib/python3.7/site-packages/spacy/__init__.py", line 27, in load
    return util.load_model(name, **overrides)
  File "/Users/ester/.conda/envs/InformationalBiasDetection/lib/python3.7/site-packages/spacy/util.py", line 134, in load_model
    return load_model_from_package(name, **overrides)
  File "/Users/ester/.conda/envs/InformationalBiasDetection/lib/python3.7/site-packages/spacy/util.py", line 155, in load_model_from_package
    return cls.load(**overrides)
  File "/Users/ester/.conda/envs/InformationalBiasDetection/lib/python3.7/site-packages/en_core_web_sm/__init__.py", line 12, in load
    return load_model_from_init_py(__file__, **overrides)
  File "/Users/ester/.conda/envs/InformationalBiasDetection/lib/python3.7/site-packages/spacy/util.py", line 196, in load_model_from_init_py
    return load_model_from_path(data_path, meta, **overrides)
  File "/Users/ester/.conda/envs/InformationalBiasDetection/lib/python3.7/site-packages/spacy/util.py", line 179, in load_model_from_path
    return nlp.from_disk(model_path)
  File "/Users/ester/.conda/envs/InformationalBiasDetection/lib/python3.7/site-packages/spacy/language.py", line 836, in from_disk
    util.from_disk(path, deserializers, exclude)
  File "/Users/ester/.conda/envs/InformationalBiasDetection/lib/python3.7/site-packages/spacy/util.py", line 636, in from_disk
    reader(path / key)
  File "/Users/ester/.conda/envs/InformationalBiasDetection/lib/python3.7/site-packages/spacy/language.py", line 823, in <lambda>
    p, exclude=["vocab"]
KeyboardInterrupt
