2020-04-23 14:01:15,222 - INFO - allennlp.common.params - random_seed = 183
2020-04-23 14:01:15,223 - INFO - allennlp.common.params - numpy_seed = 1
2020-04-23 14:01:15,223 - INFO - allennlp.common.params - pytorch_seed = 18
2020-04-23 14:01:15,226 - INFO - allennlp.common.checks - Pytorch version: 1.4.0
2020-04-23 14:01:15,227 - INFO - allennlp.common.params - evaluate_on_test = True
2020-04-23 14:01:15,227 - INFO - allennlp.common.params - validation_dataset_reader = None
2020-04-23 14:01:15,227 - INFO - allennlp.common.from_params - instantiating class <class 'allennlp.data.dataset_readers.dataset_reader.DatasetReader'> from params {'lazy': False, 'max_sent_per_example': '1', 'sci_sum': False, 'sci_sum_fake_scores': False, 'sent_max_len': '76', 'token_indexers': {'bert': {'do_lowercase': False, 'pretrained_model': 'bert-base-cased', 'type': 'bert-pretrained', 'use_starting_offsets': False}}, 'type': 'SeqClassificationReader', 'use_abstract_scores': False, 'use_sep': 'true', 'word_splitter': 'bert-basic'} and extras set()
2020-04-23 14:01:15,227 - INFO - allennlp.common.params - dataset_reader.type = SeqClassificationReader
2020-04-23 14:01:15,227 - INFO - allennlp.common.from_params - instantiating class <class 'sequential_sentence_classification.dataset_reader.SeqClassificationReader'> from params {'lazy': False, 'max_sent_per_example': '1', 'sci_sum': False, 'sci_sum_fake_scores': False, 'sent_max_len': '76', 'token_indexers': {'bert': {'do_lowercase': False, 'pretrained_model': 'bert-base-cased', 'type': 'bert-pretrained', 'use_starting_offsets': False}}, 'use_abstract_scores': False, 'use_sep': 'true', 'word_splitter': 'bert-basic'} and extras set()
2020-04-23 14:01:15,228 - INFO - allennlp.common.params - dataset_reader.lazy = False
2020-04-23 14:01:15,228 - INFO - allennlp.common.from_params - instantiating class <class 'allennlp.data.token_indexers.token_indexer.TokenIndexer'> from params {'do_lowercase': False, 'pretrained_model': 'bert-base-cased', 'type': 'bert-pretrained', 'use_starting_offsets': False} and extras set()
2020-04-23 14:01:15,228 - INFO - allennlp.common.params - dataset_reader.token_indexers.bert.type = bert-pretrained
2020-04-23 14:01:15,228 - INFO - allennlp.common.from_params - instantiating class <class 'allennlp.data.token_indexers.wordpiece_indexer.PretrainedBertIndexer'> from params {'do_lowercase': False, 'pretrained_model': 'bert-base-cased', 'use_starting_offsets': False} and extras set()
2020-04-23 14:01:15,228 - INFO - allennlp.common.params - dataset_reader.token_indexers.bert.pretrained_model = bert-base-cased
2020-04-23 14:01:15,228 - INFO - allennlp.common.params - dataset_reader.token_indexers.bert.use_starting_offsets = False
2020-04-23 14:01:15,228 - INFO - allennlp.common.params - dataset_reader.token_indexers.bert.do_lowercase = False
2020-04-23 14:01:15,228 - INFO - allennlp.common.params - dataset_reader.token_indexers.bert.never_lowercase = None
2020-04-23 14:01:15,229 - INFO - allennlp.common.params - dataset_reader.token_indexers.bert.max_pieces = 512
2020-04-23 14:01:15,229 - INFO - allennlp.common.params - dataset_reader.token_indexers.bert.truncate_long_sequences = True
2020-04-23 14:01:15,947 - INFO - pytorch_pretrained_bert.tokenization - loading vocabulary file https://s3.amazonaws.com/models.huggingface.co/bert/bert-base-cased-vocab.txt from cache at /Users/ester/.pytorch_pretrained_bert/5e8a2b4893d13790ed4150ca1906be5f7a03d6c4ddf62296c383f6db42814db2.e13dbb970cb325137104fb2e5f36fe865f27746c6b526f6352861b1980eb80b1
2020-04-23 14:01:15,986 - INFO - allennlp.common.params - dataset_reader.word_splitter = bert-basic
2020-04-23 14:01:15,986 - INFO - allennlp.common.registrable - instantiating registered subclass bert-basic of <class 'allennlp.data.tokenizers.word_splitter.WordSplitter'>
2020-04-23 14:01:15,986 - INFO - allennlp.common.params - dataset_reader.sent_max_len = 76
2020-04-23 14:01:15,987 - INFO - allennlp.common.params - dataset_reader.max_sent_per_example = 1
2020-04-23 14:01:15,987 - INFO - allennlp.common.params - dataset_reader.use_sep = true
2020-04-23 14:01:15,987 - INFO - allennlp.common.params - dataset_reader.sci_sum = False
2020-04-23 14:01:15,987 - INFO - allennlp.common.params - dataset_reader.use_abstract_scores = False
2020-04-23 14:01:15,987 - INFO - allennlp.common.params - dataset_reader.sci_sum_fake_scores = False
2020-04-23 14:01:15,987 - INFO - allennlp.common.params - dataset_reader.predict = False
