0it [00:00, ?it/s]
9it [00:00, 77.01it/s]
23it [00:00, 87.74it/s]
35it [00:00, 94.21it/s]
53it [00:00, 109.19it/s]
68it [00:00, 118.10it/s]
87it [00:00, 132.85it/s]
106it [00:00, 146.00it/s]
122it [00:00, 147.52it/s]
140it [00:00, 153.19it/s]
157it [00:01, 155.36it/s]
173it [00:01, 148.38it/s]
190it [00:01, 149.88it/s]
207it [00:01, 153.75it/s]
225it [00:01, 156.84it/s]
245it [00:01, 165.63it/s]
264it [00:01, 172.17it/s]
284it [00:01, 176.61it/s]
302it [00:01, 177.48it/s]
320it [00:02, 175.42it/s]
338it [00:02, 170.07it/s]
360it [00:02, 178.06it/s]
383it [00:02, 189.59it/s]
404it [00:02, 194.86it/s]
425it [00:02, 198.77it/s]
446it [00:02, 199.80it/s]
469it [00:02, 207.81it/s]
492it [00:02, 210.71it/s]
514it [00:02, 205.69it/s]
535it [00:03, 198.26it/s]
555it [00:03, 195.00it/s]
575it [00:03, 176.09it/s]
594it [00:03, 161.89it/s]
612it [00:03, 158.44it/s]
629it [00:03, 159.10it/s]
646it [00:03, 138.98it/s]
666it [00:03, 152.40it/s]
686it [00:04, 164.05it/s]
706it [00:04, 170.03it/s]
730it [00:04, 182.76it/s]
752it [00:04, 191.38it/s]
772it [00:04, 193.54it/s]
792it [00:04, 188.71it/s]
812it [00:04, 171.96it/s]
830it [00:04, 173.81it/s]
848it [00:04, 170.18it/s]
866it [00:05, 171.20it/s]
884it [00:05, 167.30it/s]
903it [00:05, 169.98it/s]
921it [00:05, 165.97it/s]
938it [00:05, 134.53it/s]
953it [00:05, 131.66it/s]
974it [00:05, 147.16it/s]
993it [00:05, 154.95it/s]
1010it [00:06, 153.08it/s]
1029it [00:06, 161.31it/s]
1048it [00:06, 167.40it/s]
1066it [00:06, 169.10it/s]
1087it [00:06, 175.58it/s]
1105it [00:06, 175.48it/s]
1126it [00:06, 181.68it/s]
1148it [00:06, 182.86it/s]
1167it [00:06, 175.19it/s]
1187it [00:06, 178.91it/s]
1211it [00:07, 190.67it/s]
1232it [00:07, 195.16it/s]
1253it [00:07, 197.55it/s]
1273it [00:07, 196.92it/s]
1295it [00:07, 199.63it/s]
1316it [00:07, 155.03it/s]
1334it [00:07, 160.12it/s]
1355it [00:07, 170.32it/s]
1374it [00:08, 168.52it/s]
1392it [00:08, 160.21it/s]
1409it [00:08, 156.97it/s]
1428it [00:08, 165.41it/s]
1445it [00:08, 146.14it/s]
1466it [00:08, 159.43it/s]
1483it [00:08, 142.82it/s]
1501it [00:08, 151.83it/s]
1521it [00:08, 163.39it/s]
1540it [00:09, 166.55it/s]
1560it [00:09, 171.68it/s]
1583it [00:09, 182.63it/s]
1602it [00:09, 179.03it/s]
1622it [00:09, 183.76it/s]
1642it [00:09, 181.87it/s]
1663it [00:09, 184.60it/s]
1682it [00:09, 177.57it/s]
1700it [00:09, 173.45it/s]
1718it [00:10, 150.81it/s]
1734it [00:10, 151.76it/s]
1750it [00:10, 154.00it/s]
1770it [00:10, 162.44it/s]
1793it [00:10, 176.67it/s]
1816it [00:10, 187.47it/s]
1839it [00:10, 195.23it/s]
1860it [00:10, 196.74it/s]
1881it [00:10, 186.03it/s]
1902it [00:11, 190.45it/s]
1922it [00:11, 165.54it/s]
1940it [00:11, 142.40it/s]
1957it [00:11, 145.82it/s]
1973it [00:11, 146.10it/s]
1989it [00:11, 148.77it/s]
2009it [00:11, 158.62it/s]
2031it [00:11, 171.79it/s]
2050it [00:12, 171.08it/s]
2075it [00:12, 187.00it/s]
2096it [00:12, 189.04it/s]
2118it [00:12, 197.32it/s]
2139it [00:12, 155.32it/s]
2160it [00:12, 166.04it/s]
2179it [00:12, 172.01it/s]
2198it [00:12, 176.01it/s]
2221it [00:12, 185.26it/s]
2241it [00:13, 188.25it/s]
2264it [00:13, 192.90it/s]
2284it [00:13, 194.32it/s]
2305it [00:13, 196.89it/s]
2326it [00:13, 199.49it/s]
2347it [00:13, 201.58it/s]
2368it [00:13, 201.18it/s]
2390it [00:13, 206.10it/s]
2413it [00:13, 212.25it/s]
2438it [00:14, 219.75it/s]
2461it [00:14, 213.23it/s]
2483it [00:14, 209.36it/s]
2505it [00:14, 207.53it/s]
2526it [00:14, 203.47it/s]
2548it [00:14, 202.86it/s]
2569it [00:14, 200.35it/s]
2591it [00:14, 202.91it/s]
2612it [00:14, 201.43it/s]
2633it [00:14, 200.98it/s]
2657it [00:15, 209.39it/s]
2681it [00:15, 214.78it/s]
2703it [00:15, 210.53it/s]
2725it [00:15, 209.61it/s]
2747it [00:15, 203.11it/s]
2768it [00:15, 201.65it/s]
2789it [00:15, 203.54it/s]
2814it [00:15, 208.93it/s]
2835it [00:15, 196.57it/s]
2853it [00:16, 177.82it/s]

0it [00:00, ?it/s]
19it [00:00, 186.84it/s]
41it [00:00, 192.12it/s]
66it [00:00, 203.40it/s]
85it [00:00, 195.37it/s]
107it [00:00, 201.87it/s]
131it [00:00, 210.56it/s]
153it [00:00, 209.99it/s]
174it [00:00, 208.35it/s]
196it [00:00, 210.05it/s]
218it [00:01, 211.07it/s]
239it [00:01, 206.26it/s]
260it [00:01, 203.36it/s]
281it [00:01, 201.63it/s]
302it [00:01, 200.02it/s]
323it [00:01, 202.05it/s]
344it [00:01, 153.09it/s]
365it [00:01, 166.27it/s]
386it [00:01, 175.32it/s]
405it [00:02, 177.16it/s]
427it [00:02, 187.54it/s]
447it [00:02, 188.31it/s]
467it [00:02, 186.21it/s]
488it [00:02, 192.55it/s]
500it [00:02, 194.70it/s]

0it [00:00, ?it/s]
20it [00:00, 185.96it/s]
40it [00:00, 189.14it/s]
64it [00:00, 199.98it/s]
86it [00:00, 205.26it/s]
111it [00:00, 212.88it/s]
130it [00:00, 201.34it/s]
151it [00:00, 201.71it/s]
176it [00:00, 211.99it/s]
202it [00:00, 220.31it/s]
225it [00:01, 219.14it/s]
247it [00:01, 215.05it/s]
271it [00:01, 220.05it/s]
294it [00:01, 222.30it/s]
317it [00:01, 219.73it/s]
342it [00:01, 225.89it/s]
358it [00:01, 216.35it/s]

0it [00:00, ?it/s]
3711it [00:00, 59067.98it/s]

Traceback (most recent call last):
  File "/Users/ester/.conda/envs/InformationalBiasDetection/lib/python3.7/runpy.py", line 193, in _run_module_as_main
    "__main__", mod_spec)
  File "/Users/ester/.conda/envs/InformationalBiasDetection/lib/python3.7/runpy.py", line 85, in _run_code
    exec(code, run_globals)
  File "/Users/ester/.conda/envs/InformationalBiasDetection/lib/python3.7/site-packages/allennlp/run.py", line 18, in <module>
    main(prog="allennlp")
  File "/Users/ester/.conda/envs/InformationalBiasDetection/lib/python3.7/site-packages/allennlp/commands/__init__.py", line 72, in main
    args.func(args)
  File "/Users/ester/.conda/envs/InformationalBiasDetection/lib/python3.7/site-packages/allennlp/commands/train.py", line 111, in train_model_from_args
    args.force)
  File "/Users/ester/.conda/envs/InformationalBiasDetection/lib/python3.7/site-packages/allennlp/commands/train.py", line 144, in train_model_from_file
    return train_model(params, serialization_dir, file_friendly_logging, recover, force)
  File "/Users/ester/.conda/envs/InformationalBiasDetection/lib/python3.7/site-packages/allennlp/commands/train.py", line 355, in train_model
    validation_iterator=validation_iterator)
  File "/Users/ester/.conda/envs/InformationalBiasDetection/lib/python3.7/site-packages/allennlp/training/trainer.py", line 1075, in from_params
    optimizer = Optimizer.from_params(parameters, params.pop("optimizer"))
  File "/Users/ester/.conda/envs/InformationalBiasDetection/lib/python3.7/site-packages/allennlp/training/optimizers.py", line 74, in from_params
    parameter_groups[k].update(groups[k][1].as_dict())
IndexError: list index out of range
