2020-04-22 13:21:35,330 - INFO - allennlp.common.from_params - instantiating class <class 'allennlp.data.dataset_readers.dataset_reader.DatasetReader'> from params {'lazy': False, 'max_sent_per_example': '5', 'sci_sum': False, 'sci_sum_fake_scores': False, 'sent_max_len': '20', 'token_indexers': {'bert': {'do_lowercase': True, 'pretrained_model': 'bert-base-uncased', 'type': 'bert-pretrained', 'use_starting_offsets': False}}, 'type': 'SeqClassificationReader', 'use_abstract_scores': False, 'use_sep': 'true', 'word_splitter': 'bert-basic'} and extras {}
2020-04-22 13:21:35,330 - INFO - allennlp.common.params - dataset_reader.type = SeqClassificationReader
2020-04-22 13:21:35,331 - INFO - allennlp.common.from_params - instantiating class <class 'sequential_sentence_classification.dataset_reader.SeqClassificationReader'> from params {'lazy': False, 'max_sent_per_example': '5', 'sci_sum': False, 'sci_sum_fake_scores': False, 'sent_max_len': '20', 'token_indexers': {'bert': {'do_lowercase': True, 'pretrained_model': 'bert-base-uncased', 'type': 'bert-pretrained', 'use_starting_offsets': False}}, 'use_abstract_scores': False, 'use_sep': 'true', 'word_splitter': 'bert-basic'} and extras {}
2020-04-22 13:21:35,331 - INFO - allennlp.common.params - dataset_reader.lazy = False
2020-04-22 13:21:35,331 - INFO - allennlp.common.from_params - instantiating class <class 'allennlp.data.token_indexers.token_indexer.TokenIndexer'> from params {'do_lowercase': True, 'pretrained_model': 'bert-base-uncased', 'type': 'bert-pretrained', 'use_starting_offsets': False} and extras {}
2020-04-22 13:21:35,331 - INFO - allennlp.common.params - dataset_reader.token_indexers.bert.type = bert-pretrained
2020-04-22 13:21:35,331 - INFO - allennlp.common.from_params - instantiating class <class 'allennlp.data.token_indexers.wordpiece_indexer.PretrainedBertIndexer'> from params {'do_lowercase': True, 'pretrained_model': 'bert-base-uncased', 'use_starting_offsets': False} and extras {}
2020-04-22 13:21:35,331 - INFO - allennlp.common.params - dataset_reader.token_indexers.bert.pretrained_model = bert-base-uncased
2020-04-22 13:21:35,332 - INFO - allennlp.common.params - dataset_reader.token_indexers.bert.use_starting_offsets = False
2020-04-22 13:21:35,332 - INFO - allennlp.common.params - dataset_reader.token_indexers.bert.do_lowercase = True
2020-04-22 13:21:35,332 - INFO - allennlp.common.params - dataset_reader.token_indexers.bert.never_lowercase = None
2020-04-22 13:21:35,332 - INFO - allennlp.common.params - dataset_reader.token_indexers.bert.max_pieces = 512
2020-04-22 13:21:35,933 - INFO - pytorch_pretrained_bert.tokenization - loading vocabulary file https://s3.amazonaws.com/models.huggingface.co/bert/bert-base-uncased-vocab.txt from cache at /Users/ester/.pytorch_pretrained_bert/26bc1ad6c0ac742e9b52263248f6d0f00068293b33709fae12320c0e35ccfbbb.542ce4285a40d23a559526243235df47c5f75c197f04f37d1a0c124c32c9a084
2020-04-22 13:21:35,983 - INFO - allennlp.common.params - dataset_reader.word_splitter = bert-basic
2020-04-22 13:21:35,984 - INFO - allennlp.common.params - dataset_reader.sent_max_len = 20
2020-04-22 13:21:35,984 - INFO - allennlp.common.params - dataset_reader.max_sent_per_example = 5
2020-04-22 13:21:35,984 - INFO - allennlp.common.params - dataset_reader.use_sep = true
2020-04-22 13:21:35,984 - INFO - allennlp.common.params - dataset_reader.sci_sum = False
2020-04-22 13:21:35,984 - INFO - allennlp.common.params - dataset_reader.use_abstract_scores = False
2020-04-22 13:21:35,984 - INFO - allennlp.common.params - dataset_reader.sci_sum_fake_scores = False
2020-04-22 13:21:35,984 - INFO - allennlp.common.params - dataset_reader.predict = False
2020-04-22 13:21:36,394 - INFO - allennlp.common.params - validation_dataset_reader = None
2020-04-22 13:21:36,394 - INFO - allennlp.common.params - train_data_path = data/CSAbstruct/train.jsonl
2020-04-22 13:21:36,394 - INFO - allennlp.commands.train - Reading training data from data/CSAbstruct/train.jsonl
2020-04-22 13:21:52,439 - INFO - allennlp.common.params - validation_data_path = data/CSAbstruct/dev.jsonl
2020-04-22 13:21:52,440 - INFO - allennlp.commands.train - Reading validation data from data/CSAbstruct/dev.jsonl
2020-04-22 13:21:55,008 - INFO - allennlp.common.params - test_data_path = data/CSAbstruct/test.jsonl
2020-04-22 13:21:55,008 - INFO - allennlp.commands.train - Reading test data from data/CSAbstruct/test.jsonl
2020-04-22 13:21:56,663 - INFO - allennlp.commands.train - From dataset instances, test, validation, train will be considered for vocabulary creation.
2020-04-22 13:21:56,664 - INFO - allennlp.common.params - vocabulary.type = None
2020-04-22 13:21:56,664 - INFO - allennlp.common.params - vocabulary.extend = False
2020-04-22 13:21:56,664 - INFO - allennlp.common.params - vocabulary.directory_path = None
2020-04-22 13:21:56,664 - INFO - allennlp.common.params - vocabulary.min_count = None
2020-04-22 13:21:56,664 - INFO - allennlp.common.params - vocabulary.max_vocab_size = None
2020-04-22 13:21:56,664 - INFO - allennlp.common.params - vocabulary.non_padded_namespaces = ('*tags', '*labels')
2020-04-22 13:21:56,664 - INFO - allennlp.common.params - vocabulary.min_pretrained_embeddings = None
2020-04-22 13:21:56,664 - INFO - allennlp.common.params - vocabulary.only_include_pretrained_words = False
2020-04-22 13:21:56,664 - INFO - allennlp.common.params - vocabulary.tokens_to_add = None
2020-04-22 13:21:56,664 - INFO - allennlp.data.vocabulary - Fitting token dictionary from dataset.
2020-04-22 13:21:56,728 - INFO - allennlp.common.from_params - instantiating class <class 'allennlp.models.model.Model'> from params {'additional_feature_size': 0, 'bert_dropout': 0.1, 'sci_sum': False, 'self_attn': {'feedforward_hidden_dim': 50, 'hidden_dim': 100, 'input_dim': 768, 'num_attention_heads': 2, 'num_layers': 2, 'projection_dim': 100, 'type': 'stacked_self_attention'}, 'text_field_embedder': {'allow_unmatched_keys': True, 'embedder_to_indexer_map': {'bert': ['bert'], 'tokens': ['tokens']}, 'token_embedders': {'bert': {'pretrained_model': 'bert-base-uncased', 'requires_grad': True, 'top_layer_only': False, 'type': 'bert-pretrained'}}}, 'type': 'SeqClassificationModel', 'use_sep': 'true', 'with_crf': 'false'} and extras {'vocab': Vocabulary with namespaces:  labels, Size: 5 || Non Padded Namespaces: {'*labels', '*tags'}}
2020-04-22 13:21:56,728 - INFO - allennlp.common.params - model.type = SeqClassificationModel
2020-04-22 13:21:56,728 - INFO - allennlp.common.from_params - instantiating class <class 'sequential_sentence_classification.model.SeqClassificationModel'> from params {'additional_feature_size': 0, 'bert_dropout': 0.1, 'sci_sum': False, 'self_attn': {'feedforward_hidden_dim': 50, 'hidden_dim': 100, 'input_dim': 768, 'num_attention_heads': 2, 'num_layers': 2, 'projection_dim': 100, 'type': 'stacked_self_attention'}, 'text_field_embedder': {'allow_unmatched_keys': True, 'embedder_to_indexer_map': {'bert': ['bert'], 'tokens': ['tokens']}, 'token_embedders': {'bert': {'pretrained_model': 'bert-base-uncased', 'requires_grad': True, 'top_layer_only': False, 'type': 'bert-pretrained'}}}, 'use_sep': 'true', 'with_crf': 'false'} and extras {'vocab': Vocabulary with namespaces:  labels, Size: 5 || Non Padded Namespaces: {'*labels', '*tags'}}
2020-04-22 13:21:56,728 - INFO - allennlp.common.from_params - instantiating class <class 'allennlp.modules.text_field_embedders.text_field_embedder.TextFieldEmbedder'> from params {'allow_unmatched_keys': True, 'embedder_to_indexer_map': {'bert': ['bert'], 'tokens': ['tokens']}, 'token_embedders': {'bert': {'pretrained_model': 'bert-base-uncased', 'requires_grad': True, 'top_layer_only': False, 'type': 'bert-pretrained'}}} and extras {'vocab': Vocabulary with namespaces:  labels, Size: 5 || Non Padded Namespaces: {'*labels', '*tags'}}
2020-04-22 13:21:56,728 - INFO - allennlp.common.params - model.text_field_embedder.type = basic
2020-04-22 13:21:56,729 - INFO - allennlp.common.params - model.text_field_embedder.allow_unmatched_keys = True
2020-04-22 13:21:56,729 - INFO - allennlp.common.from_params - instantiating class <class 'allennlp.modules.token_embedders.token_embedder.TokenEmbedder'> from params {'pretrained_model': 'bert-base-uncased', 'requires_grad': True, 'top_layer_only': False, 'type': 'bert-pretrained'} and extras {'vocab': Vocabulary with namespaces:  labels, Size: 5 || Non Padded Namespaces: {'*labels', '*tags'}}
2020-04-22 13:21:56,729 - INFO - allennlp.common.params - model.text_field_embedder.token_embedders.bert.type = bert-pretrained
2020-04-22 13:21:56,729 - INFO - allennlp.common.from_params - instantiating class <class 'allennlp.modules.token_embedders.bert_token_embedder.PretrainedBertEmbedder'> from params {'pretrained_model': 'bert-base-uncased', 'requires_grad': True, 'top_layer_only': False} and extras {'vocab': Vocabulary with namespaces:  labels, Size: 5 || Non Padded Namespaces: {'*labels', '*tags'}}
2020-04-22 13:21:56,729 - INFO - allennlp.common.params - model.text_field_embedder.token_embedders.bert.pretrained_model = bert-base-uncased
2020-04-22 13:21:56,732 - INFO - allennlp.common.params - model.text_field_embedder.token_embedders.bert.requires_grad = True
2020-04-22 13:21:56,732 - INFO - allennlp.common.params - model.text_field_embedder.token_embedders.bert.top_layer_only = False
2020-04-22 13:21:57,285 - INFO - pytorch_pretrained_bert.modeling - loading archive file https://s3.amazonaws.com/models.huggingface.co/bert/bert-base-uncased.tar.gz from cache at /Users/ester/.pytorch_pretrained_bert/9c41111e2de84547a463fd39217199738d1e3deb72d4fec4399e6e241983c6f0.ae3cef932725ca7a30cdcb93fc6e09150a55e2a130ec7af63975a16c153ae2ba
2020-04-22 13:21:57,287 - INFO - pytorch_pretrained_bert.modeling - extracting archive file /Users/ester/.pytorch_pretrained_bert/9c41111e2de84547a463fd39217199738d1e3deb72d4fec4399e6e241983c6f0.ae3cef932725ca7a30cdcb93fc6e09150a55e2a130ec7af63975a16c153ae2ba to temp dir /var/folders/s0/015n78c544l93860n29z_q4h0000gp/T/tmpb8rxg0bl
2020-04-22 13:22:01,234 - INFO - pytorch_pretrained_bert.modeling - Model config {
  "attention_probs_dropout_prob": 0.1,
  "hidden_act": "gelu",
  "hidden_dropout_prob": 0.1,
  "hidden_size": 768,
  "initializer_range": 0.02,
  "intermediate_size": 3072,
  "max_position_embeddings": 512,
  "num_attention_heads": 12,
  "num_hidden_layers": 12,
  "type_vocab_size": 2,
  "vocab_size": 30522
}

2020-04-22 13:22:03,243 - INFO - allennlp.common.params - model.use_sep = true
2020-04-22 13:22:03,244 - INFO - allennlp.common.params - model.with_crf = false
2020-04-22 13:22:03,244 - INFO - allennlp.common.from_params - instantiating class <class 'allennlp.modules.seq2seq_encoders.seq2seq_encoder.Seq2SeqEncoder'> from params {'feedforward_hidden_dim': 50, 'hidden_dim': 100, 'input_dim': 768, 'num_attention_heads': 2, 'num_layers': 2, 'projection_dim': 100, 'type': 'stacked_self_attention'} and extras {'vocab': Vocabulary with namespaces:  labels, Size: 5 || Non Padded Namespaces: {'*labels', '*tags'}}
2020-04-22 13:22:03,244 - INFO - allennlp.common.params - model.self_attn.type = stacked_self_attention
2020-04-22 13:22:03,244 - INFO - allennlp.common.from_params - instantiating class <class 'allennlp.modules.seq2seq_encoders.stacked_self_attention.StackedSelfAttentionEncoder'> from params {'feedforward_hidden_dim': 50, 'hidden_dim': 100, 'input_dim': 768, 'num_attention_heads': 2, 'num_layers': 2, 'projection_dim': 100} and extras {'vocab': Vocabulary with namespaces:  labels, Size: 5 || Non Padded Namespaces: {'*labels', '*tags'}}
2020-04-22 13:22:03,245 - INFO - allennlp.common.params - model.self_attn.input_dim = 768
2020-04-22 13:22:03,245 - INFO - allennlp.common.params - model.self_attn.hidden_dim = 100
2020-04-22 13:22:03,245 - INFO - allennlp.common.params - model.self_attn.projection_dim = 100
2020-04-22 13:22:03,245 - INFO - allennlp.common.params - model.self_attn.feedforward_hidden_dim = 50
2020-04-22 13:22:03,245 - INFO - allennlp.common.params - model.self_attn.num_layers = 2
2020-04-22 13:22:03,245 - INFO - allennlp.common.params - model.self_attn.num_attention_heads = 2
2020-04-22 13:22:03,245 - INFO - allennlp.common.params - model.self_attn.use_positional_encoding = True
2020-04-22 13:22:03,246 - INFO - allennlp.common.params - model.self_attn.dropout_prob = 0.1
2020-04-22 13:22:03,246 - INFO - allennlp.common.params - model.self_attn.residual_dropout_prob = 0.2
2020-04-22 13:22:03,246 - INFO - allennlp.common.params - model.self_attn.attention_dropout_prob = 0.1
2020-04-22 13:22:03,248 - INFO - allennlp.common.params - model.bert_dropout = 0.1
2020-04-22 13:22:03,249 - INFO - allennlp.common.params - model.sci_sum = False
2020-04-22 13:22:03,249 - INFO - allennlp.common.params - model.additional_feature_size = 0
2020-04-22 13:22:03,250 - INFO - allennlp.common.from_params - instantiating class <class 'allennlp.data.iterators.data_iterator.DataIterator'> from params {'batch_size': 4, 'biggest_batch_first': True, 'cache_instances': True, 'sorting_keys': [['sentences', 'num_fields']], 'type': 'bucket'} and extras {}
2020-04-22 13:22:03,250 - INFO - allennlp.common.params - iterator.type = bucket
2020-04-22 13:22:03,250 - INFO - allennlp.common.from_params - instantiating class <class 'allennlp.data.iterators.bucket_iterator.BucketIterator'> from params {'batch_size': 4, 'biggest_batch_first': True, 'cache_instances': True, 'sorting_keys': [['sentences', 'num_fields']]} and extras {}
2020-04-22 13:22:03,251 - INFO - allennlp.common.params - iterator.sorting_keys = [['sentences', 'num_fields']]
2020-04-22 13:22:03,251 - INFO - allennlp.common.params - iterator.padding_noise = 0.1
2020-04-22 13:22:03,251 - INFO - allennlp.common.params - iterator.biggest_batch_first = True
2020-04-22 13:22:03,251 - INFO - allennlp.common.params - iterator.batch_size = 4
2020-04-22 13:22:03,251 - INFO - allennlp.common.params - iterator.instances_per_epoch = None
2020-04-22 13:22:03,251 - INFO - allennlp.common.params - iterator.max_instances_in_memory = None
2020-04-22 13:22:03,251 - INFO - allennlp.common.params - iterator.cache_instances = True
2020-04-22 13:22:03,251 - INFO - allennlp.common.params - iterator.track_epoch = False
2020-04-22 13:22:03,252 - INFO - allennlp.common.params - iterator.maximum_samples_per_batch = None
2020-04-22 13:22:03,252 - INFO - allennlp.common.params - validation_iterator = None
2020-04-22 13:22:03,252 - INFO - allennlp.common.params - trainer.no_grad = ()
2020-04-22 13:22:03,255 - INFO - allennlp.commands.train - Following parameters are Frozen  (without gradient):
2020-04-22 13:22:03,255 - INFO - allennlp.commands.train - Following parameters are Tunable (with gradient):
2020-04-22 13:22:03,255 - INFO - allennlp.commands.train - text_field_embedder.token_embedder_bert.bert_model.embeddings.word_embeddings.weight
2020-04-22 13:22:03,255 - INFO - allennlp.commands.train - text_field_embedder.token_embedder_bert.bert_model.embeddings.position_embeddings.weight
2020-04-22 13:22:03,255 - INFO - allennlp.commands.train - text_field_embedder.token_embedder_bert.bert_model.embeddings.token_type_embeddings.weight
2020-04-22 13:22:03,255 - INFO - allennlp.commands.train - text_field_embedder.token_embedder_bert.bert_model.embeddings.LayerNorm.gamma
2020-04-22 13:22:03,255 - INFO - allennlp.commands.train - text_field_embedder.token_embedder_bert.bert_model.embeddings.LayerNorm.beta
2020-04-22 13:22:03,255 - INFO - allennlp.commands.train - text_field_embedder.token_embedder_bert.bert_model.encoder.layer.0.attention.self.query.weight
2020-04-22 13:22:03,256 - INFO - allennlp.commands.train - text_field_embedder.token_embedder_bert.bert_model.encoder.layer.0.attention.self.query.bias
2020-04-22 13:22:03,256 - INFO - allennlp.commands.train - text_field_embedder.token_embedder_bert.bert_model.encoder.layer.0.attention.self.key.weight
2020-04-22 13:22:03,256 - INFO - allennlp.commands.train - text_field_embedder.token_embedder_bert.bert_model.encoder.layer.0.attention.self.key.bias
2020-04-22 13:22:03,256 - INFO - allennlp.commands.train - text_field_embedder.token_embedder_bert.bert_model.encoder.layer.0.attention.self.value.weight
2020-04-22 13:22:03,256 - INFO - allennlp.commands.train - text_field_embedder.token_embedder_bert.bert_model.encoder.layer.0.attention.self.value.bias
2020-04-22 13:22:03,256 - INFO - allennlp.commands.train - text_field_embedder.token_embedder_bert.bert_model.encoder.layer.0.attention.output.dense.weight
2020-04-22 13:22:03,256 - INFO - allennlp.commands.train - text_field_embedder.token_embedder_bert.bert_model.encoder.layer.0.attention.output.dense.bias
2020-04-22 13:22:03,256 - INFO - allennlp.commands.train - text_field_embedder.token_embedder_bert.bert_model.encoder.layer.0.attention.output.LayerNorm.gamma
2020-04-22 13:22:03,256 - INFO - allennlp.commands.train - text_field_embedder.token_embedder_bert.bert_model.encoder.layer.0.attention.output.LayerNorm.beta
2020-04-22 13:22:03,256 - INFO - allennlp.commands.train - text_field_embedder.token_embedder_bert.bert_model.encoder.layer.0.intermediate.dense.weight
2020-04-22 13:22:03,256 - INFO - allennlp.commands.train - text_field_embedder.token_embedder_bert.bert_model.encoder.layer.0.intermediate.dense.bias
2020-04-22 13:22:03,256 - INFO - allennlp.commands.train - text_field_embedder.token_embedder_bert.bert_model.encoder.layer.0.output.dense.weight
2020-04-22 13:22:03,256 - INFO - allennlp.commands.train - text_field_embedder.token_embedder_bert.bert_model.encoder.layer.0.output.dense.bias
2020-04-22 13:22:03,257 - INFO - allennlp.commands.train - text_field_embedder.token_embedder_bert.bert_model.encoder.layer.0.output.LayerNorm.gamma
2020-04-22 13:22:03,257 - INFO - allennlp.commands.train - text_field_embedder.token_embedder_bert.bert_model.encoder.layer.0.output.LayerNorm.beta
2020-04-22 13:22:03,257 - INFO - allennlp.commands.train - text_field_embedder.token_embedder_bert.bert_model.encoder.layer.1.attention.self.query.weight
2020-04-22 13:22:03,257 - INFO - allennlp.commands.train - text_field_embedder.token_embedder_bert.bert_model.encoder.layer.1.attention.self.query.bias
2020-04-22 13:22:03,257 - INFO - allennlp.commands.train - text_field_embedder.token_embedder_bert.bert_model.encoder.layer.1.attention.self.key.weight
2020-04-22 13:22:03,257 - INFO - allennlp.commands.train - text_field_embedder.token_embedder_bert.bert_model.encoder.layer.1.attention.self.key.bias
2020-04-22 13:22:03,257 - INFO - allennlp.commands.train - text_field_embedder.token_embedder_bert.bert_model.encoder.layer.1.attention.self.value.weight
2020-04-22 13:22:03,257 - INFO - allennlp.commands.train - text_field_embedder.token_embedder_bert.bert_model.encoder.layer.1.attention.self.value.bias
2020-04-22 13:22:03,257 - INFO - allennlp.commands.train - text_field_embedder.token_embedder_bert.bert_model.encoder.layer.1.attention.output.dense.weight
2020-04-22 13:22:03,258 - INFO - allennlp.commands.train - text_field_embedder.token_embedder_bert.bert_model.encoder.layer.1.attention.output.dense.bias
2020-04-22 13:22:03,258 - INFO - allennlp.commands.train - text_field_embedder.token_embedder_bert.bert_model.encoder.layer.1.attention.output.LayerNorm.gamma
2020-04-22 13:22:03,258 - INFO - allennlp.commands.train - text_field_embedder.token_embedder_bert.bert_model.encoder.layer.1.attention.output.LayerNorm.beta
2020-04-22 13:22:03,258 - INFO - allennlp.commands.train - text_field_embedder.token_embedder_bert.bert_model.encoder.layer.1.intermediate.dense.weight
2020-04-22 13:22:03,258 - INFO - allennlp.commands.train - text_field_embedder.token_embedder_bert.bert_model.encoder.layer.1.intermediate.dense.bias
2020-04-22 13:22:03,258 - INFO - allennlp.commands.train - text_field_embedder.token_embedder_bert.bert_model.encoder.layer.1.output.dense.weight
2020-04-22 13:22:03,258 - INFO - allennlp.commands.train - text_field_embedder.token_embedder_bert.bert_model.encoder.layer.1.output.dense.bias
2020-04-22 13:22:03,258 - INFO - allennlp.commands.train - text_field_embedder.token_embedder_bert.bert_model.encoder.layer.1.output.LayerNorm.gamma
2020-04-22 13:22:03,258 - INFO - allennlp.commands.train - text_field_embedder.token_embedder_bert.bert_model.encoder.layer.1.output.LayerNorm.beta
2020-04-22 13:22:03,258 - INFO - allennlp.commands.train - text_field_embedder.token_embedder_bert.bert_model.encoder.layer.2.attention.self.query.weight
2020-04-22 13:22:03,258 - INFO - allennlp.commands.train - text_field_embedder.token_embedder_bert.bert_model.encoder.layer.2.attention.self.query.bias
2020-04-22 13:22:03,258 - INFO - allennlp.commands.train - text_field_embedder.token_embedder_bert.bert_model.encoder.layer.2.attention.self.key.weight
2020-04-22 13:22:03,259 - INFO - allennlp.commands.train - text_field_embedder.token_embedder_bert.bert_model.encoder.layer.2.attention.self.key.bias
2020-04-22 13:22:03,259 - INFO - allennlp.commands.train - text_field_embedder.token_embedder_bert.bert_model.encoder.layer.2.attention.self.value.weight
2020-04-22 13:22:03,259 - INFO - allennlp.commands.train - text_field_embedder.token_embedder_bert.bert_model.encoder.layer.2.attention.self.value.bias
2020-04-22 13:22:03,259 - INFO - allennlp.commands.train - text_field_embedder.token_embedder_bert.bert_model.encoder.layer.2.attention.output.dense.weight
2020-04-22 13:22:03,259 - INFO - allennlp.commands.train - text_field_embedder.token_embedder_bert.bert_model.encoder.layer.2.attention.output.dense.bias
2020-04-22 13:22:03,259 - INFO - allennlp.commands.train - text_field_embedder.token_embedder_bert.bert_model.encoder.layer.2.attention.output.LayerNorm.gamma
2020-04-22 13:22:03,259 - INFO - allennlp.commands.train - text_field_embedder.token_embedder_bert.bert_model.encoder.layer.2.attention.output.LayerNorm.beta
2020-04-22 13:22:03,259 - INFO - allennlp.commands.train - text_field_embedder.token_embedder_bert.bert_model.encoder.layer.2.intermediate.dense.weight
2020-04-22 13:22:03,259 - INFO - allennlp.commands.train - text_field_embedder.token_embedder_bert.bert_model.encoder.layer.2.intermediate.dense.bias
2020-04-22 13:22:03,259 - INFO - allennlp.commands.train - text_field_embedder.token_embedder_bert.bert_model.encoder.layer.2.output.dense.weight
2020-04-22 13:22:03,259 - INFO - allennlp.commands.train - text_field_embedder.token_embedder_bert.bert_model.encoder.layer.2.output.dense.bias
2020-04-22 13:22:03,259 - INFO - allennlp.commands.train - text_field_embedder.token_embedder_bert.bert_model.encoder.layer.2.output.LayerNorm.gamma
2020-04-22 13:22:03,259 - INFO - allennlp.commands.train - text_field_embedder.token_embedder_bert.bert_model.encoder.layer.2.output.LayerNorm.beta
2020-04-22 13:22:03,259 - INFO - allennlp.commands.train - text_field_embedder.token_embedder_bert.bert_model.encoder.layer.3.attention.self.query.weight
2020-04-22 13:22:03,259 - INFO - allennlp.commands.train - text_field_embedder.token_embedder_bert.bert_model.encoder.layer.3.attention.self.query.bias
2020-04-22 13:22:03,259 - INFO - allennlp.commands.train - text_field_embedder.token_embedder_bert.bert_model.encoder.layer.3.attention.self.key.weight
2020-04-22 13:22:03,260 - INFO - allennlp.commands.train - text_field_embedder.token_embedder_bert.bert_model.encoder.layer.3.attention.self.key.bias
2020-04-22 13:22:03,260 - INFO - allennlp.commands.train - text_field_embedder.token_embedder_bert.bert_model.encoder.layer.3.attention.self.value.weight
2020-04-22 13:22:03,260 - INFO - allennlp.commands.train - text_field_embedder.token_embedder_bert.bert_model.encoder.layer.3.attention.self.value.bias
2020-04-22 13:22:03,260 - INFO - allennlp.commands.train - text_field_embedder.token_embedder_bert.bert_model.encoder.layer.3.attention.output.dense.weight
2020-04-22 13:22:03,260 - INFO - allennlp.commands.train - text_field_embedder.token_embedder_bert.bert_model.encoder.layer.3.attention.output.dense.bias
2020-04-22 13:22:03,260 - INFO - allennlp.commands.train - text_field_embedder.token_embedder_bert.bert_model.encoder.layer.3.attention.output.LayerNorm.gamma
2020-04-22 13:22:03,260 - INFO - allennlp.commands.train - text_field_embedder.token_embedder_bert.bert_model.encoder.layer.3.attention.output.LayerNorm.beta
2020-04-22 13:22:03,260 - INFO - allennlp.commands.train - text_field_embedder.token_embedder_bert.bert_model.encoder.layer.3.intermediate.dense.weight
2020-04-22 13:22:03,260 - INFO - allennlp.commands.train - text_field_embedder.token_embedder_bert.bert_model.encoder.layer.3.intermediate.dense.bias
2020-04-22 13:22:03,260 - INFO - allennlp.commands.train - text_field_embedder.token_embedder_bert.bert_model.encoder.layer.3.output.dense.weight
2020-04-22 13:22:03,260 - INFO - allennlp.commands.train - text_field_embedder.token_embedder_bert.bert_model.encoder.layer.3.output.dense.bias
2020-04-22 13:22:03,260 - INFO - allennlp.commands.train - text_field_embedder.token_embedder_bert.bert_model.encoder.layer.3.output.LayerNorm.gamma
2020-04-22 13:22:03,260 - INFO - allennlp.commands.train - text_field_embedder.token_embedder_bert.bert_model.encoder.layer.3.output.LayerNorm.beta
2020-04-22 13:22:03,260 - INFO - allennlp.commands.train - text_field_embedder.token_embedder_bert.bert_model.encoder.layer.4.attention.self.query.weight
2020-04-22 13:22:03,261 - INFO - allennlp.commands.train - text_field_embedder.token_embedder_bert.bert_model.encoder.layer.4.attention.self.query.bias
2020-04-22 13:22:03,261 - INFO - allennlp.commands.train - text_field_embedder.token_embedder_bert.bert_model.encoder.layer.4.attention.self.key.weight
2020-04-22 13:22:03,261 - INFO - allennlp.commands.train - text_field_embedder.token_embedder_bert.bert_model.encoder.layer.4.attention.self.key.bias
2020-04-22 13:22:03,261 - INFO - allennlp.commands.train - text_field_embedder.token_embedder_bert.bert_model.encoder.layer.4.attention.self.value.weight
2020-04-22 13:22:03,261 - INFO - allennlp.commands.train - text_field_embedder.token_embedder_bert.bert_model.encoder.layer.4.attention.self.value.bias
2020-04-22 13:22:03,261 - INFO - allennlp.commands.train - text_field_embedder.token_embedder_bert.bert_model.encoder.layer.4.attention.output.dense.weight
2020-04-22 13:22:03,261 - INFO - allennlp.commands.train - text_field_embedder.token_embedder_bert.bert_model.encoder.layer.4.attention.output.dense.bias
2020-04-22 13:22:03,261 - INFO - allennlp.commands.train - text_field_embedder.token_embedder_bert.bert_model.encoder.layer.4.attention.output.LayerNorm.gamma
2020-04-22 13:22:03,261 - INFO - allennlp.commands.train - text_field_embedder.token_embedder_bert.bert_model.encoder.layer.4.attention.output.LayerNorm.beta
2020-04-22 13:22:03,261 - INFO - allennlp.commands.train - text_field_embedder.token_embedder_bert.bert_model.encoder.layer.4.intermediate.dense.weight
2020-04-22 13:22:03,261 - INFO - allennlp.commands.train - text_field_embedder.token_embedder_bert.bert_model.encoder.layer.4.intermediate.dense.bias
2020-04-22 13:22:03,261 - INFO - allennlp.commands.train - text_field_embedder.token_embedder_bert.bert_model.encoder.layer.4.output.dense.weight
2020-04-22 13:22:03,261 - INFO - allennlp.commands.train - text_field_embedder.token_embedder_bert.bert_model.encoder.layer.4.output.dense.bias
2020-04-22 13:22:03,261 - INFO - allennlp.commands.train - text_field_embedder.token_embedder_bert.bert_model.encoder.layer.4.output.LayerNorm.gamma
2020-04-22 13:22:03,262 - INFO - allennlp.commands.train - text_field_embedder.token_embedder_bert.bert_model.encoder.layer.4.output.LayerNorm.beta
2020-04-22 13:22:03,262 - INFO - allennlp.commands.train - text_field_embedder.token_embedder_bert.bert_model.encoder.layer.5.attention.self.query.weight
2020-04-22 13:22:03,262 - INFO - allennlp.commands.train - text_field_embedder.token_embedder_bert.bert_model.encoder.layer.5.attention.self.query.bias
2020-04-22 13:22:03,262 - INFO - allennlp.commands.train - text_field_embedder.token_embedder_bert.bert_model.encoder.layer.5.attention.self.key.weight
2020-04-22 13:22:03,262 - INFO - allennlp.commands.train - text_field_embedder.token_embedder_bert.bert_model.encoder.layer.5.attention.self.key.bias
2020-04-22 13:22:03,262 - INFO - allennlp.commands.train - text_field_embedder.token_embedder_bert.bert_model.encoder.layer.5.attention.self.value.weight
2020-04-22 13:22:03,262 - INFO - allennlp.commands.train - text_field_embedder.token_embedder_bert.bert_model.encoder.layer.5.attention.self.value.bias
2020-04-22 13:22:03,263 - INFO - allennlp.commands.train - text_field_embedder.token_embedder_bert.bert_model.encoder.layer.5.attention.output.dense.weight
2020-04-22 13:22:03,263 - INFO - allennlp.commands.train - text_field_embedder.token_embedder_bert.bert_model.encoder.layer.5.attention.output.dense.bias
2020-04-22 13:22:03,263 - INFO - allennlp.commands.train - text_field_embedder.token_embedder_bert.bert_model.encoder.layer.5.attention.output.LayerNorm.gamma
2020-04-22 13:22:03,263 - INFO - allennlp.commands.train - text_field_embedder.token_embedder_bert.bert_model.encoder.layer.5.attention.output.LayerNorm.beta
2020-04-22 13:22:03,263 - INFO - allennlp.commands.train - text_field_embedder.token_embedder_bert.bert_model.encoder.layer.5.intermediate.dense.weight
2020-04-22 13:22:03,264 - INFO - allennlp.commands.train - text_field_embedder.token_embedder_bert.bert_model.encoder.layer.5.intermediate.dense.bias
2020-04-22 13:22:03,264 - INFO - allennlp.commands.train - text_field_embedder.token_embedder_bert.bert_model.encoder.layer.5.output.dense.weight
2020-04-22 13:22:03,264 - INFO - allennlp.commands.train - text_field_embedder.token_embedder_bert.bert_model.encoder.layer.5.output.dense.bias
2020-04-22 13:22:03,264 - INFO - allennlp.commands.train - text_field_embedder.token_embedder_bert.bert_model.encoder.layer.5.output.LayerNorm.gamma
2020-04-22 13:22:03,264 - INFO - allennlp.commands.train - text_field_embedder.token_embedder_bert.bert_model.encoder.layer.5.output.LayerNorm.beta
2020-04-22 13:22:03,264 - INFO - allennlp.commands.train - text_field_embedder.token_embedder_bert.bert_model.encoder.layer.6.attention.self.query.weight
2020-04-22 13:22:03,264 - INFO - allennlp.commands.train - text_field_embedder.token_embedder_bert.bert_model.encoder.layer.6.attention.self.query.bias
2020-04-22 13:22:03,264 - INFO - allennlp.commands.train - text_field_embedder.token_embedder_bert.bert_model.encoder.layer.6.attention.self.key.weight
2020-04-22 13:22:03,265 - INFO - allennlp.commands.train - text_field_embedder.token_embedder_bert.bert_model.encoder.layer.6.attention.self.key.bias
2020-04-22 13:22:03,265 - INFO - allennlp.commands.train - text_field_embedder.token_embedder_bert.bert_model.encoder.layer.6.attention.self.value.weight
2020-04-22 13:22:03,265 - INFO - allennlp.commands.train - text_field_embedder.token_embedder_bert.bert_model.encoder.layer.6.attention.self.value.bias
2020-04-22 13:22:03,265 - INFO - allennlp.commands.train - text_field_embedder.token_embedder_bert.bert_model.encoder.layer.6.attention.output.dense.weight
2020-04-22 13:22:03,265 - INFO - allennlp.commands.train - text_field_embedder.token_embedder_bert.bert_model.encoder.layer.6.attention.output.dense.bias
2020-04-22 13:22:03,265 - INFO - allennlp.commands.train - text_field_embedder.token_embedder_bert.bert_model.encoder.layer.6.attention.output.LayerNorm.gamma
2020-04-22 13:22:03,265 - INFO - allennlp.commands.train - text_field_embedder.token_embedder_bert.bert_model.encoder.layer.6.attention.output.LayerNorm.beta
2020-04-22 13:22:03,265 - INFO - allennlp.commands.train - text_field_embedder.token_embedder_bert.bert_model.encoder.layer.6.intermediate.dense.weight
2020-04-22 13:22:03,265 - INFO - allennlp.commands.train - text_field_embedder.token_embedder_bert.bert_model.encoder.layer.6.intermediate.dense.bias
2020-04-22 13:22:03,265 - INFO - allennlp.commands.train - text_field_embedder.token_embedder_bert.bert_model.encoder.layer.6.output.dense.weight
2020-04-22 13:22:03,266 - INFO - allennlp.commands.train - text_field_embedder.token_embedder_bert.bert_model.encoder.layer.6.output.dense.bias
2020-04-22 13:22:03,266 - INFO - allennlp.commands.train - text_field_embedder.token_embedder_bert.bert_model.encoder.layer.6.output.LayerNorm.gamma
2020-04-22 13:22:03,266 - INFO - allennlp.commands.train - text_field_embedder.token_embedder_bert.bert_model.encoder.layer.6.output.LayerNorm.beta
2020-04-22 13:22:03,266 - INFO - allennlp.commands.train - text_field_embedder.token_embedder_bert.bert_model.encoder.layer.7.attention.self.query.weight
2020-04-22 13:22:03,266 - INFO - allennlp.commands.train - text_field_embedder.token_embedder_bert.bert_model.encoder.layer.7.attention.self.query.bias
2020-04-22 13:22:03,266 - INFO - allennlp.commands.train - text_field_embedder.token_embedder_bert.bert_model.encoder.layer.7.attention.self.key.weight
2020-04-22 13:22:03,266 - INFO - allennlp.commands.train - text_field_embedder.token_embedder_bert.bert_model.encoder.layer.7.attention.self.key.bias
2020-04-22 13:22:03,266 - INFO - allennlp.commands.train - text_field_embedder.token_embedder_bert.bert_model.encoder.layer.7.attention.self.value.weight
2020-04-22 13:22:03,267 - INFO - allennlp.commands.train - text_field_embedder.token_embedder_bert.bert_model.encoder.layer.7.attention.self.value.bias
2020-04-22 13:22:03,267 - INFO - allennlp.commands.train - text_field_embedder.token_embedder_bert.bert_model.encoder.layer.7.attention.output.dense.weight
2020-04-22 13:22:03,267 - INFO - allennlp.commands.train - text_field_embedder.token_embedder_bert.bert_model.encoder.layer.7.attention.output.dense.bias
2020-04-22 13:22:03,267 - INFO - allennlp.commands.train - text_field_embedder.token_embedder_bert.bert_model.encoder.layer.7.attention.output.LayerNorm.gamma
2020-04-22 13:22:03,267 - INFO - allennlp.commands.train - text_field_embedder.token_embedder_bert.bert_model.encoder.layer.7.attention.output.LayerNorm.beta
2020-04-22 13:22:03,267 - INFO - allennlp.commands.train - text_field_embedder.token_embedder_bert.bert_model.encoder.layer.7.intermediate.dense.weight
2020-04-22 13:22:03,267 - INFO - allennlp.commands.train - text_field_embedder.token_embedder_bert.bert_model.encoder.layer.7.intermediate.dense.bias
2020-04-22 13:22:03,267 - INFO - allennlp.commands.train - text_field_embedder.token_embedder_bert.bert_model.encoder.layer.7.output.dense.weight
2020-04-22 13:22:03,268 - INFO - allennlp.commands.train - text_field_embedder.token_embedder_bert.bert_model.encoder.layer.7.output.dense.bias
2020-04-22 13:22:03,270 - INFO - allennlp.commands.train - text_field_embedder.token_embedder_bert.bert_model.encoder.layer.7.output.LayerNorm.gamma
2020-04-22 13:22:03,270 - INFO - allennlp.commands.train - text_field_embedder.token_embedder_bert.bert_model.encoder.layer.7.output.LayerNorm.beta
2020-04-22 13:22:03,270 - INFO - allennlp.commands.train - text_field_embedder.token_embedder_bert.bert_model.encoder.layer.8.attention.self.query.weight
2020-04-22 13:22:03,271 - INFO - allennlp.commands.train - text_field_embedder.token_embedder_bert.bert_model.encoder.layer.8.attention.self.query.bias
2020-04-22 13:22:03,271 - INFO - allennlp.commands.train - text_field_embedder.token_embedder_bert.bert_model.encoder.layer.8.attention.self.key.weight
2020-04-22 13:22:03,271 - INFO - allennlp.commands.train - text_field_embedder.token_embedder_bert.bert_model.encoder.layer.8.attention.self.key.bias
2020-04-22 13:22:03,271 - INFO - allennlp.commands.train - text_field_embedder.token_embedder_bert.bert_model.encoder.layer.8.attention.self.value.weight
2020-04-22 13:22:03,271 - INFO - allennlp.commands.train - text_field_embedder.token_embedder_bert.bert_model.encoder.layer.8.attention.self.value.bias
2020-04-22 13:22:03,271 - INFO - allennlp.commands.train - text_field_embedder.token_embedder_bert.bert_model.encoder.layer.8.attention.output.dense.weight
2020-04-22 13:22:03,271 - INFO - allennlp.commands.train - text_field_embedder.token_embedder_bert.bert_model.encoder.layer.8.attention.output.dense.bias
2020-04-22 13:22:03,271 - INFO - allennlp.commands.train - text_field_embedder.token_embedder_bert.bert_model.encoder.layer.8.attention.output.LayerNorm.gamma
2020-04-22 13:22:03,271 - INFO - allennlp.commands.train - text_field_embedder.token_embedder_bert.bert_model.encoder.layer.8.attention.output.LayerNorm.beta
2020-04-22 13:22:03,271 - INFO - allennlp.commands.train - text_field_embedder.token_embedder_bert.bert_model.encoder.layer.8.intermediate.dense.weight
2020-04-22 13:22:03,271 - INFO - allennlp.commands.train - text_field_embedder.token_embedder_bert.bert_model.encoder.layer.8.intermediate.dense.bias
2020-04-22 13:22:03,271 - INFO - allennlp.commands.train - text_field_embedder.token_embedder_bert.bert_model.encoder.layer.8.output.dense.weight
2020-04-22 13:22:03,271 - INFO - allennlp.commands.train - text_field_embedder.token_embedder_bert.bert_model.encoder.layer.8.output.dense.bias
2020-04-22 13:22:03,271 - INFO - allennlp.commands.train - text_field_embedder.token_embedder_bert.bert_model.encoder.layer.8.output.LayerNorm.gamma
2020-04-22 13:22:03,271 - INFO - allennlp.commands.train - text_field_embedder.token_embedder_bert.bert_model.encoder.layer.8.output.LayerNorm.beta
2020-04-22 13:22:03,272 - INFO - allennlp.commands.train - text_field_embedder.token_embedder_bert.bert_model.encoder.layer.9.attention.self.query.weight
2020-04-22 13:22:03,272 - INFO - allennlp.commands.train - text_field_embedder.token_embedder_bert.bert_model.encoder.layer.9.attention.self.query.bias
2020-04-22 13:22:03,272 - INFO - allennlp.commands.train - text_field_embedder.token_embedder_bert.bert_model.encoder.layer.9.attention.self.key.weight
2020-04-22 13:22:03,272 - INFO - allennlp.commands.train - text_field_embedder.token_embedder_bert.bert_model.encoder.layer.9.attention.self.key.bias
2020-04-22 13:22:03,272 - INFO - allennlp.commands.train - text_field_embedder.token_embedder_bert.bert_model.encoder.layer.9.attention.self.value.weight
2020-04-22 13:22:03,272 - INFO - allennlp.commands.train - text_field_embedder.token_embedder_bert.bert_model.encoder.layer.9.attention.self.value.bias
2020-04-22 13:22:03,272 - INFO - allennlp.commands.train - text_field_embedder.token_embedder_bert.bert_model.encoder.layer.9.attention.output.dense.weight
2020-04-22 13:22:03,273 - INFO - allennlp.commands.train - text_field_embedder.token_embedder_bert.bert_model.encoder.layer.9.attention.output.dense.bias
2020-04-22 13:22:03,273 - INFO - allennlp.commands.train - text_field_embedder.token_embedder_bert.bert_model.encoder.layer.9.attention.output.LayerNorm.gamma
2020-04-22 13:22:03,273 - INFO - allennlp.commands.train - text_field_embedder.token_embedder_bert.bert_model.encoder.layer.9.attention.output.LayerNorm.beta
2020-04-22 13:22:03,273 - INFO - allennlp.commands.train - text_field_embedder.token_embedder_bert.bert_model.encoder.layer.9.intermediate.dense.weight
2020-04-22 13:22:03,273 - INFO - allennlp.commands.train - text_field_embedder.token_embedder_bert.bert_model.encoder.layer.9.intermediate.dense.bias
2020-04-22 13:22:03,273 - INFO - allennlp.commands.train - text_field_embedder.token_embedder_bert.bert_model.encoder.layer.9.output.dense.weight
2020-04-22 13:22:03,273 - INFO - allennlp.commands.train - text_field_embedder.token_embedder_bert.bert_model.encoder.layer.9.output.dense.bias
2020-04-22 13:22:03,273 - INFO - allennlp.commands.train - text_field_embedder.token_embedder_bert.bert_model.encoder.layer.9.output.LayerNorm.gamma
2020-04-22 13:22:03,273 - INFO - allennlp.commands.train - text_field_embedder.token_embedder_bert.bert_model.encoder.layer.9.output.LayerNorm.beta
2020-04-22 13:22:03,273 - INFO - allennlp.commands.train - text_field_embedder.token_embedder_bert.bert_model.encoder.layer.10.attention.self.query.weight
2020-04-22 13:22:03,274 - INFO - allennlp.commands.train - text_field_embedder.token_embedder_bert.bert_model.encoder.layer.10.attention.self.query.bias
2020-04-22 13:22:03,274 - INFO - allennlp.commands.train - text_field_embedder.token_embedder_bert.bert_model.encoder.layer.10.attention.self.key.weight
2020-04-22 13:22:03,274 - INFO - allennlp.commands.train - text_field_embedder.token_embedder_bert.bert_model.encoder.layer.10.attention.self.key.bias
2020-04-22 13:22:03,274 - INFO - allennlp.commands.train - text_field_embedder.token_embedder_bert.bert_model.encoder.layer.10.attention.self.value.weight
2020-04-22 13:22:03,274 - INFO - allennlp.commands.train - text_field_embedder.token_embedder_bert.bert_model.encoder.layer.10.attention.self.value.bias
2020-04-22 13:22:03,274 - INFO - allennlp.commands.train - text_field_embedder.token_embedder_bert.bert_model.encoder.layer.10.attention.output.dense.weight
2020-04-22 13:22:03,274 - INFO - allennlp.commands.train - text_field_embedder.token_embedder_bert.bert_model.encoder.layer.10.attention.output.dense.bias
2020-04-22 13:22:03,274 - INFO - allennlp.commands.train - text_field_embedder.token_embedder_bert.bert_model.encoder.layer.10.attention.output.LayerNorm.gamma
2020-04-22 13:22:03,274 - INFO - allennlp.commands.train - text_field_embedder.token_embedder_bert.bert_model.encoder.layer.10.attention.output.LayerNorm.beta
2020-04-22 13:22:03,274 - INFO - allennlp.commands.train - text_field_embedder.token_embedder_bert.bert_model.encoder.layer.10.intermediate.dense.weight
2020-04-22 13:22:03,275 - INFO - allennlp.commands.train - text_field_embedder.token_embedder_bert.bert_model.encoder.layer.10.intermediate.dense.bias
2020-04-22 13:22:03,275 - INFO - allennlp.commands.train - text_field_embedder.token_embedder_bert.bert_model.encoder.layer.10.output.dense.weight
2020-04-22 13:22:03,275 - INFO - allennlp.commands.train - text_field_embedder.token_embedder_bert.bert_model.encoder.layer.10.output.dense.bias
2020-04-22 13:22:03,275 - INFO - allennlp.commands.train - text_field_embedder.token_embedder_bert.bert_model.encoder.layer.10.output.LayerNorm.gamma
2020-04-22 13:22:03,275 - INFO - allennlp.commands.train - text_field_embedder.token_embedder_bert.bert_model.encoder.layer.10.output.LayerNorm.beta
2020-04-22 13:22:03,275 - INFO - allennlp.commands.train - text_field_embedder.token_embedder_bert.bert_model.encoder.layer.11.attention.self.query.weight
2020-04-22 13:22:03,275 - INFO - allennlp.commands.train - text_field_embedder.token_embedder_bert.bert_model.encoder.layer.11.attention.self.query.bias
2020-04-22 13:22:03,275 - INFO - allennlp.commands.train - text_field_embedder.token_embedder_bert.bert_model.encoder.layer.11.attention.self.key.weight
2020-04-22 13:22:03,275 - INFO - allennlp.commands.train - text_field_embedder.token_embedder_bert.bert_model.encoder.layer.11.attention.self.key.bias
2020-04-22 13:22:03,275 - INFO - allennlp.commands.train - text_field_embedder.token_embedder_bert.bert_model.encoder.layer.11.attention.self.value.weight
2020-04-22 13:22:03,276 - INFO - allennlp.commands.train - text_field_embedder.token_embedder_bert.bert_model.encoder.layer.11.attention.self.value.bias
2020-04-22 13:22:03,276 - INFO - allennlp.commands.train - text_field_embedder.token_embedder_bert.bert_model.encoder.layer.11.attention.output.dense.weight
2020-04-22 13:22:03,276 - INFO - allennlp.commands.train - text_field_embedder.token_embedder_bert.bert_model.encoder.layer.11.attention.output.dense.bias
2020-04-22 13:22:03,276 - INFO - allennlp.commands.train - text_field_embedder.token_embedder_bert.bert_model.encoder.layer.11.attention.output.LayerNorm.gamma
2020-04-22 13:22:03,276 - INFO - allennlp.commands.train - text_field_embedder.token_embedder_bert.bert_model.encoder.layer.11.attention.output.LayerNorm.beta
2020-04-22 13:22:03,276 - INFO - allennlp.commands.train - text_field_embedder.token_embedder_bert.bert_model.encoder.layer.11.intermediate.dense.weight
2020-04-22 13:22:03,276 - INFO - allennlp.commands.train - text_field_embedder.token_embedder_bert.bert_model.encoder.layer.11.intermediate.dense.bias
2020-04-22 13:22:03,276 - INFO - allennlp.commands.train - text_field_embedder.token_embedder_bert.bert_model.encoder.layer.11.output.dense.weight
2020-04-22 13:22:03,276 - INFO - allennlp.commands.train - text_field_embedder.token_embedder_bert.bert_model.encoder.layer.11.output.dense.bias
2020-04-22 13:22:03,276 - INFO - allennlp.commands.train - text_field_embedder.token_embedder_bert.bert_model.encoder.layer.11.output.LayerNorm.gamma
2020-04-22 13:22:03,277 - INFO - allennlp.commands.train - text_field_embedder.token_embedder_bert.bert_model.encoder.layer.11.output.LayerNorm.beta
2020-04-22 13:22:03,277 - INFO - allennlp.commands.train - text_field_embedder.token_embedder_bert.bert_model.pooler.dense.weight
2020-04-22 13:22:03,277 - INFO - allennlp.commands.train - text_field_embedder.token_embedder_bert.bert_model.pooler.dense.bias
2020-04-22 13:22:03,277 - INFO - allennlp.commands.train - text_field_embedder.token_embedder_bert._scalar_mix.gamma
2020-04-22 13:22:03,277 - INFO - allennlp.commands.train - text_field_embedder.token_embedder_bert._scalar_mix.scalar_parameters.0
2020-04-22 13:22:03,277 - INFO - allennlp.commands.train - text_field_embedder.token_embedder_bert._scalar_mix.scalar_parameters.1
2020-04-22 13:22:03,277 - INFO - allennlp.commands.train - text_field_embedder.token_embedder_bert._scalar_mix.scalar_parameters.2
2020-04-22 13:22:03,277 - INFO - allennlp.commands.train - text_field_embedder.token_embedder_bert._scalar_mix.scalar_parameters.3
2020-04-22 13:22:03,277 - INFO - allennlp.commands.train - text_field_embedder.token_embedder_bert._scalar_mix.scalar_parameters.4
2020-04-22 13:22:03,278 - INFO - allennlp.commands.train - text_field_embedder.token_embedder_bert._scalar_mix.scalar_parameters.5
2020-04-22 13:22:03,278 - INFO - allennlp.commands.train - text_field_embedder.token_embedder_bert._scalar_mix.scalar_parameters.6
2020-04-22 13:22:03,278 - INFO - allennlp.commands.train - text_field_embedder.token_embedder_bert._scalar_mix.scalar_parameters.7
2020-04-22 13:22:03,278 - INFO - allennlp.commands.train - text_field_embedder.token_embedder_bert._scalar_mix.scalar_parameters.8
2020-04-22 13:22:03,278 - INFO - allennlp.commands.train - text_field_embedder.token_embedder_bert._scalar_mix.scalar_parameters.9
2020-04-22 13:22:03,278 - INFO - allennlp.commands.train - text_field_embedder.token_embedder_bert._scalar_mix.scalar_parameters.10
2020-04-22 13:22:03,278 - INFO - allennlp.commands.train - text_field_embedder.token_embedder_bert._scalar_mix.scalar_parameters.11
2020-04-22 13:22:03,278 - INFO - allennlp.commands.train - self_attn.feedforward_0._linear_layers.0.weight
2020-04-22 13:22:03,278 - INFO - allennlp.commands.train - self_attn.feedforward_0._linear_layers.0.bias
2020-04-22 13:22:03,279 - INFO - allennlp.commands.train - self_attn.feedforward_0._linear_layers.1.weight
2020-04-22 13:22:03,279 - INFO - allennlp.commands.train - self_attn.feedforward_0._linear_layers.1.bias
2020-04-22 13:22:03,279 - INFO - allennlp.commands.train - self_attn.feedforward_layer_norm_0.gamma
2020-04-22 13:22:03,279 - INFO - allennlp.commands.train - self_attn.feedforward_layer_norm_0.beta
2020-04-22 13:22:03,279 - INFO - allennlp.commands.train - self_attn.self_attention_0._combined_projection.weight
2020-04-22 13:22:03,279 - INFO - allennlp.commands.train - self_attn.self_attention_0._combined_projection.bias
2020-04-22 13:22:03,279 - INFO - allennlp.commands.train - self_attn.self_attention_0._output_projection.weight
2020-04-22 13:22:03,279 - INFO - allennlp.commands.train - self_attn.self_attention_0._output_projection.bias
2020-04-22 13:22:03,279 - INFO - allennlp.commands.train - self_attn.layer_norm_0.gamma
2020-04-22 13:22:03,279 - INFO - allennlp.commands.train - self_attn.layer_norm_0.beta
2020-04-22 13:22:03,279 - INFO - allennlp.commands.train - self_attn.feedforward_1._linear_layers.0.weight
2020-04-22 13:22:03,279 - INFO - allennlp.commands.train - self_attn.feedforward_1._linear_layers.0.bias
2020-04-22 13:22:03,280 - INFO - allennlp.commands.train - self_attn.feedforward_1._linear_layers.1.weight
2020-04-22 13:22:03,280 - INFO - allennlp.commands.train - self_attn.feedforward_1._linear_layers.1.bias
2020-04-22 13:22:03,280 - INFO - allennlp.commands.train - self_attn.feedforward_layer_norm_1.gamma
2020-04-22 13:22:03,280 - INFO - allennlp.commands.train - self_attn.feedforward_layer_norm_1.beta
2020-04-22 13:22:03,280 - INFO - allennlp.commands.train - self_attn.self_attention_1._combined_projection.weight
2020-04-22 13:22:03,280 - INFO - allennlp.commands.train - self_attn.self_attention_1._combined_projection.bias
2020-04-22 13:22:03,280 - INFO - allennlp.commands.train - self_attn.self_attention_1._output_projection.weight
2020-04-22 13:22:03,280 - INFO - allennlp.commands.train - self_attn.self_attention_1._output_projection.bias
2020-04-22 13:22:03,280 - INFO - allennlp.commands.train - self_attn.layer_norm_1.gamma
2020-04-22 13:22:03,281 - INFO - allennlp.commands.train - self_attn.layer_norm_1.beta
2020-04-22 13:22:03,281 - INFO - allennlp.commands.train - time_distributed_aggregate_feedforward._module.weight
2020-04-22 13:22:03,281 - INFO - allennlp.commands.train - time_distributed_aggregate_feedforward._module.bias
2020-04-22 13:22:03,281 - INFO - allennlp.common.params - trainer.type = default
2020-04-22 13:22:03,281 - INFO - allennlp.common.params - trainer.patience = 5
2020-04-22 13:22:03,281 - INFO - allennlp.common.params - trainer.validation_metric = +acc
2020-04-22 13:22:03,281 - INFO - allennlp.common.params - trainer.shuffle = True
2020-04-22 13:22:03,281 - INFO - allennlp.common.params - trainer.num_epochs = 2
2020-04-22 13:22:03,281 - INFO - allennlp.common.params - trainer.cuda_device = -1
2020-04-22 13:22:03,281 - INFO - allennlp.common.params - trainer.grad_norm = None
2020-04-22 13:22:03,281 - INFO - allennlp.common.params - trainer.grad_clipping = 1
2020-04-22 13:22:03,283 - INFO - allennlp.common.params - trainer.optimizer.type = bert_adam
2020-04-22 13:22:03,283 - INFO - allennlp.common.params - trainer.optimizer.parameter_groups = [[['bias', 'LayerNorm.bias', 'LayerNorm.weight', 'layer_norm.weight']]]
